\BOOKMARK [0][-]{chapter*.1}{Acknowledgments}{}% 1
\BOOKMARK [0][-]{chapter*.2}{Abstract}{}% 2
\BOOKMARK [0][-]{chapter*.2}{Table of Contents}{}% 3
\BOOKMARK [0][-]{chapter*.4}{Symbolverzeichnis}{}% 4
\BOOKMARK [1][-]{section.0.1}{Abbreviations}{chapter*.4}% 5
\BOOKMARK [0][-]{chapter.1}{Introduction}{}% 6
\BOOKMARK [1][-]{section.1.1}{Anatomy of Heart}{chapter.1}% 7
\BOOKMARK [1][-]{section.1.2}{The Electrocardiogram}{chapter.1}% 8
\BOOKMARK [1][-]{section.1.3}{ECG Complex}{chapter.1}% 9
\BOOKMARK [2][-]{subsection.1.3.1}{P Wave}{section.1.3}% 10
\BOOKMARK [2][-]{subsection.1.3.2}{QRS Complex}{section.1.3}% 11
\BOOKMARK [2][-]{subsection.1.3.3}{T Wave}{section.1.3}% 12
\BOOKMARK [2][-]{subsection.1.3.4}{PR Interval}{section.1.3}% 13
\BOOKMARK [2][-]{subsection.1.3.5}{ST Segment}{section.1.3}% 14
\BOOKMARK [2][-]{subsection.1.3.6}{QT Interval}{section.1.3}% 15
\BOOKMARK [1][-]{section.1.4}{Disadvantages of Attached Electrodes}{chapter.1}% 16
\BOOKMARK [1][-]{section.1.5}{Non-Contact ECG}{chapter.1}% 17
\BOOKMARK [1][-]{section.1.6}{Noise in ECG Signal}{chapter.1}% 18
\BOOKMARK [2][-]{subsection.1.6.1}{Power Line Interference}{section.1.6}% 19
\BOOKMARK [2][-]{subsection.1.6.2}{Baseline wander}{section.1.6}% 20
\BOOKMARK [2][-]{subsection.1.6.3}{Muscle Noise}{section.1.6}% 21
\BOOKMARK [1][-]{section.1.7}{Arryhtmias}{chapter.1}% 22
\BOOKMARK [0][-]{chapter.2}{Devices}{}% 23
\BOOKMARK [1][-]{section.2.1}{Introduction}{chapter.2}% 24
\BOOKMARK [0][-]{chapter.3}{ECG Feature Extraction}{}% 25
\BOOKMARK [1][-]{section.3.1}{Introduction}{chapter.3}% 26
\BOOKMARK [2][-]{subsection.3.1.1}{Filter Method}{section.3.1}% 27
\BOOKMARK [2][-]{subsection.3.1.2}{Artificial Intelligence Method}{section.3.1}% 28
\BOOKMARK [2][-]{subsection.3.1.3}{Wavelet Transform Method}{section.3.1}% 29
\BOOKMARK [1][-]{section.3.2}{Wavelet Transform}{chapter.3}% 30
\BOOKMARK [2][-]{subsection.3.2.1}{Continuous Wavelet Transform}{section.3.2}% 31
\BOOKMARK [2][-]{subsection.3.2.2}{Discrete Wavelet Transform}{section.3.2}% 32
\BOOKMARK [1][-]{section.3.3}{Biorthogonal Wavelet Transform}{chapter.3}% 33
\BOOKMARK [1][-]{section.3.4}{Biorthogonal Spline Wavelet Filter Construction}{chapter.3}% 34
\BOOKMARK [2][-]{subsection.3.4.1}{Design of Biorthogonal Spline Wavelet Filter}{section.3.4}% 35
\BOOKMARK [2][-]{subsection.3.4.2}{Steps for Designing FIR Filter Bank}{section.3.4}% 36
\BOOKMARK [1][-]{section.3.5}{Mallat's Algorithm}{chapter.3}% 37
\BOOKMARK [1][-]{section.3.6}{Using Wavelet Transform to Identify Singular Point of QRS Complex}{chapter.3}% 38
\BOOKMARK [2][-]{subsection.3.6.1}{Feature Extraction Using Wavelets}{section.3.6}% 39
\BOOKMARK [2][-]{subsection.3.6.2}{Lipschitz Exponent}{section.3.6}% 40
\BOOKMARK [2][-]{subsection.3.6.3}{Relationship between Lipschitz Exponent and Modulus Maximum}{section.3.6}% 41
\BOOKMARK [1][-]{section.3.7}{Dataset}{chapter.3}% 42
\BOOKMARK [1][-]{section.3.8}{Preprocessing}{chapter.3}% 43
\BOOKMARK [2][-]{subsection.3.8.1}{Wavelet Transform Method}{section.3.8}% 44
\BOOKMARK [2][-]{subsection.3.8.2}{Band-pass Filter Method}{section.3.8}% 45
\BOOKMARK [1][-]{section.3.9}{QRS Detection}{chapter.3}% 46
\BOOKMARK [0][-]{chapter*.12}{Literaturverzeichnis}{}% 47
